0 verbose cli /home/mahir/.nvm/versions/node/v20.19.4/bin/node /home/mahir/.nvm/versions/node/v20.19.4/bin/npm
1 info using npm@10.8.2
2 info using node@v20.19.4
3 silly config load:file:/home/mahir/.nvm/versions/node/v20.19.4/lib/node_modules/npm/npmrc
4 silly config load:file:/home/mahir/witfinance-prod/frontend/.npmrc
5 silly config load:file:/home/mahir/.npmrc
6 silly config load:file:/home/mahir/.nvm/versions/node/v20.19.4/etc/npmrc
7 verbose title npm install
8 verbose argv "install"
9 verbose logfile logs-max:10 dir:/home/mahir/.npm/_logs/2025-07-17T22_57_19_532Z-
10 verbose logfile /home/mahir/.npm/_logs/2025-07-17T22_57_19_532Z-debug-0.log
11 silly packumentCache heap:1057226752 maxSize:264306688 maxEntrySize:132153344
12 silly logfile done cleaning log files
13 silly idealTree buildDeps
14 silly reify moves {}
15 silly audit bulk request {
15 silly audit   '@ampproject/remapping': [ '2.3.0' ],
15 silly audit   '@babel/code-frame': [ '7.27.1' ],
15 silly audit   '@babel/compat-data': [ '7.27.2' ],
15 silly audit   '@babel/core': [ '7.27.1' ],
15 silly audit   '@babel/generator': [ '7.27.1' ],
15 silly audit   '@babel/helper-compilation-targets': [ '7.27.2' ],
15 silly audit   '@babel/helper-module-imports': [ '7.27.1' ],
15 silly audit   '@babel/helper-module-transforms': [ '7.27.1' ],
15 silly audit   '@babel/helper-plugin-utils': [ '7.27.1' ],
15 silly audit   '@babel/helper-string-parser': [ '7.27.1' ],
15 silly audit   '@babel/helper-validator-identifier': [ '7.27.1' ],
15 silly audit   '@babel/helper-validator-option': [ '7.27.1' ],
15 silly audit   '@babel/helpers': [ '7.27.1' ],
15 silly audit   '@babel/parser': [ '7.27.2' ],
15 silly audit   '@babel/plugin-transform-react-jsx-self': [ '7.27.1' ],
15 silly audit   '@babel/plugin-transform-react-jsx-source': [ '7.27.1' ],
15 silly audit   '@babel/template': [ '7.27.2' ],
15 silly audit   '@babel/traverse': [ '7.27.1' ],
15 silly audit   globals: [ '11.12.0', '14.0.0', '16.1.0' ],
15 silly audit   '@babel/types': [ '7.27.1' ],
15 silly audit   '@esbuild/linux-x64': [ '0.25.4' ],
15 silly audit   '@eslint-community/eslint-utils': [ '4.7.0' ],
15 silly audit   'eslint-visitor-keys': [ '3.4.3', '4.2.0' ],
15 silly audit   '@eslint-community/regexpp': [ '4.12.1' ],
15 silly audit   '@eslint/config-array': [ '0.20.0' ],
15 silly audit   '@eslint/config-helpers': [ '0.2.2' ],
15 silly audit   '@eslint/core': [ '0.13.0' ],
15 silly audit   '@eslint/eslintrc': [ '3.3.1' ],
15 silly audit   '@eslint/js': [ '9.26.0' ],
15 silly audit   '@eslint/object-schema': [ '2.1.6' ],
15 silly audit   '@eslint/plugin-kit': [ '0.2.8' ],
15 silly audit   '@humanfs/core': [ '0.19.1' ],
15 silly audit   '@humanfs/node': [ '0.16.6' ],
15 silly audit   '@humanwhocodes/retry': [ '0.3.1', '0.4.3' ],
15 silly audit   '@humanwhocodes/module-importer': [ '1.0.1' ],
15 silly audit   '@jridgewell/gen-mapping': [ '0.3.8' ],
15 silly audit   '@jridgewell/resolve-uri': [ '3.1.2' ],
15 silly audit   '@jridgewell/set-array': [ '1.2.1' ],
15 silly audit   '@jridgewell/sourcemap-codec': [ '1.5.0' ],
15 silly audit   '@jridgewell/trace-mapping': [ '0.3.25' ],
15 silly audit   '@modelcontextprotocol/sdk': [ '1.11.2' ],
15 silly audit   '@rollup/rollup-linux-x64-gnu': [ '4.40.2' ],
15 silly audit   '@rollup/rollup-linux-x64-musl': [ '4.40.2' ],
15 silly audit   '@types/babel__core': [ '7.20.5' ],
15 silly audit   '@types/babel__generator': [ '7.27.0' ],
15 silly audit   '@types/babel__template': [ '7.4.4' ],
15 silly audit   '@types/babel__traverse': [ '7.20.7' ],
15 silly audit   '@types/estree': [ '1.0.7' ],
15 silly audit   '@types/json-schema': [ '7.0.15' ],
15 silly audit   '@types/react': [ '19.1.4' ],
15 silly audit   '@types/react-dom': [ '19.1.5' ],
15 silly audit   '@vitejs/plugin-react': [ '4.4.1' ],
15 silly audit   accepts: [ '2.0.0' ],
15 silly audit   acorn: [ '8.14.1' ],
15 silly audit   'acorn-jsx': [ '5.3.2' ],
15 silly audit   ajv: [ '6.12.6' ],
15 silly audit   'ansi-styles': [ '4.3.0' ],
15 silly audit   argparse: [ '2.0.1' ],
15 silly audit   asynckit: [ '0.4.0' ],
15 silly audit   axios: [ '1.9.0' ],
15 silly audit   'balanced-match': [ '1.0.2' ],
15 silly audit   'body-parser': [ '2.2.0' ],
15 silly audit   'brace-expansion': [ '1.1.11' ],
15 silly audit   browserslist: [ '4.24.5' ],
15 silly audit   bytes: [ '3.1.2' ],
15 silly audit   'call-bind-apply-helpers': [ '1.0.2' ],
15 silly audit   'call-bound': [ '1.0.4' ],
15 silly audit   callsites: [ '3.1.0' ],
15 silly audit   'caniuse-lite': [ '1.0.30001718' ],
15 silly audit   chalk: [ '4.1.2' ],
15 silly audit   'color-convert': [ '2.0.1' ],
15 silly audit   'color-name': [ '1.1.4' ],
15 silly audit   'combined-stream': [ '1.0.8' ],
15 silly audit   'concat-map': [ '0.0.1' ],
15 silly audit   'content-disposition': [ '1.0.0' ],
15 silly audit   'content-type': [ '1.0.5' ],
15 silly audit   'convert-source-map': [ '2.0.0' ],
15 silly audit   cookie: [ '0.7.2', '1.0.2' ],
15 silly audit   'cookie-signature': [ '1.2.2' ],
15 silly audit   cors: [ '2.8.5' ],
15 silly audit   'cross-spawn': [ '7.0.6' ],
15 silly audit   csstype: [ '3.1.3' ],
15 silly audit   debug: [ '4.4.1' ],
15 silly audit   'deep-is': [ '0.1.4' ],
15 silly audit   'delayed-stream': [ '1.0.0' ],
15 silly audit   depd: [ '2.0.0' ],
15 silly audit   'dunder-proto': [ '1.0.1' ],
15 silly audit   'ee-first': [ '1.1.1' ],
15 silly audit   'electron-to-chromium': [ '1.5.154' ],
15 silly audit   encodeurl: [ '2.0.0' ],
15 silly audit   'es-define-property': [ '1.0.1' ],
15 silly audit   'es-errors': [ '1.3.0' ],
15 silly audit   'es-object-atoms': [ '1.1.1' ],
15 silly audit   'es-set-tostringtag': [ '2.1.0' ],
15 silly audit   esbuild: [ '0.25.4' ],
15 silly audit   escalade: [ '3.2.0' ],
15 silly audit   'escape-html': [ '1.0.3' ],
15 silly audit   'escape-string-regexp': [ '4.0.0' ],
15 silly audit   eslint: [ '9.26.0' ],
15 silly audit   'eslint-plugin-react-hooks': [ '5.2.0' ],
15 silly audit   'eslint-plugin-react-refresh': [ '0.4.20' ],
15 silly audit   'eslint-scope': [ '8.3.0' ],
15 silly audit   espree: [ '10.3.0' ],
15 silly audit   esquery: [ '1.6.0' ],
15 silly audit   esrecurse: [ '4.3.0' ],
15 silly audit   estraverse: [ '5.3.0' ],
15 silly audit   esutils: [ '2.0.3' ],
15 silly audit   etag: [ '1.8.1' ],
15 silly audit   eventsource: [ '3.0.7' ],
15 silly audit   'eventsource-parser': [ '3.0.2' ],
15 silly audit   express: [ '5.1.0' ],
15 silly audit   'express-rate-limit': [ '7.5.0' ],
15 silly audit   'fast-deep-equal': [ '3.1.3' ],
15 silly audit   'fast-json-stable-stringify': [ '2.1.0' ],
15 silly audit   'fast-levenshtein': [ '2.0.6' ],
15 silly audit   fdir: [ '6.4.4' ],
15 silly audit   'file-entry-cache': [ '8.0.0' ],
15 silly audit   finalhandler: [ '2.1.0' ],
15 silly audit   'find-up': [ '5.0.0' ],
15 silly audit   'flat-cache': [ '4.0.1' ],
15 silly audit   flatted: [ '3.3.3' ],
15 silly audit   'follow-redirects': [ '1.15.9' ],
15 silly audit   'form-data': [ '4.0.2' ],
15 silly audit   'mime-db': [ '1.52.0', '1.54.0' ],
15 silly audit   'mime-types': [ '2.1.35', '3.0.1' ],
15 silly audit   forwarded: [ '0.2.0' ],
15 silly audit   fresh: [ '2.0.0' ],
15 silly audit   'function-bind': [ '1.1.2' ],
15 silly audit   gensync: [ '1.0.0-beta.2' ],
15 silly audit   'get-intrinsic': [ '1.3.0' ],
15 silly audit   'get-proto': [ '1.0.1' ],
15 silly audit   'glob-parent': [ '6.0.2' ],
15 silly audit   gopd: [ '1.2.0' ],
15 silly audit   'has-flag': [ '4.0.0' ],
15 silly audit   'has-symbols': [ '1.1.0' ],
15 silly audit   'has-tostringtag': [ '1.0.2' ],
15 silly audit   hasown: [ '2.0.2' ],
15 silly audit   'http-errors': [ '2.0.0' ],
15 silly audit   'iconv-lite': [ '0.6.3' ],
15 silly audit   ignore: [ '5.3.2' ],
15 silly audit   'import-fresh': [ '3.3.1' ],
15 silly audit   imurmurhash: [ '0.1.4' ],
15 silly audit   inherits: [ '2.0.4' ],
15 silly audit   'ipaddr.js': [ '1.9.1' ],
15 silly audit   'is-extglob': [ '2.1.1' ],
15 silly audit   'is-glob': [ '4.0.3' ],
15 silly audit   'is-promise': [ '4.0.0' ],
15 silly audit   isexe: [ '2.0.0' ],
15 silly audit   'js-tokens': [ '4.0.0' ],
15 silly audit   'js-yaml': [ '4.1.0' ],
15 silly audit   jsesc: [ '3.1.0' ],
15 silly audit   'json-buffer': [ '3.0.1' ],
15 silly audit   'json-schema-traverse': [ '0.4.1' ],
15 silly audit   'json-stable-stringify-without-jsonify': [ '1.0.1' ],
15 silly audit   json5: [ '2.2.3' ],
15 silly audit   keyv: [ '4.5.4' ],
15 silly audit   levn: [ '0.4.1' ],
15 silly audit   'locate-path': [ '6.0.0' ],
15 silly audit   'lodash.merge': [ '4.6.2' ],
15 silly audit   'lru-cache': [ '5.1.1' ],
15 silly audit   'math-intrinsics': [ '1.1.0' ],
15 silly audit   'media-typer': [ '1.1.0' ],
15 silly audit   'merge-descriptors': [ '2.0.0' ],
15 silly audit   minimatch: [ '3.1.2' ],
15 silly audit   ms: [ '2.1.3' ],
15 silly audit   nanoid: [ '3.3.11' ],
15 silly audit   'natural-compare': [ '1.4.0' ],
15 silly audit   negotiator: [ '1.0.0' ],
15 silly audit   'node-releases': [ '2.0.19' ],
15 silly audit   'object-assign': [ '4.1.1' ],
15 silly audit   'object-inspect': [ '1.13.4' ],
15 silly audit   'on-finished': [ '2.4.1' ],
15 silly audit   once: [ '1.4.0' ],
15 silly audit   optionator: [ '0.9.4' ],
15 silly audit   'p-limit': [ '3.1.0' ],
15 silly audit   'p-locate': [ '5.0.0' ],
15 silly audit   'parent-module': [ '1.0.1' ],
15 silly audit   parseurl: [ '1.3.3' ],
15 silly audit   'path-exists': [ '4.0.0' ],
15 silly audit   'path-key': [ '3.1.1' ],
15 silly audit   'path-to-regexp': [ '8.2.0' ],
15 silly audit   picocolors: [ '1.1.1' ],
15 silly audit   picomatch: [ '4.0.2' ],
15 silly audit   'pkce-challenge': [ '5.0.0' ],
15 silly audit   postcss: [ '8.5.3' ],
15 silly audit   'prelude-ls': [ '1.2.1' ],
15 silly audit   'proxy-addr': [ '2.0.7' ],
15 silly audit   'proxy-from-env': [ '1.1.0' ],
15 silly audit   punycode: [ '2.3.1' ],
15 silly audit   qs: [ '6.14.0' ],
15 silly audit   'range-parser': [ '1.2.1' ],
15 silly audit   'raw-body': [ '3.0.0' ],
15 silly audit   react: [ '19.1.0' ],
15 silly audit   'react-dom': [ '19.1.0' ],
15 silly audit   'react-refresh': [ '0.17.0' ],
15 silly audit   'react-router': [ '7.6.0' ],
15 silly audit   'react-router-dom': [ '7.6.0' ],
15 silly audit   'resolve-from': [ '4.0.0' ],
15 silly audit   rollup: [ '4.40.2' ],
15 silly audit   router: [ '2.2.0' ],
15 silly audit   'safe-buffer': [ '5.2.1' ],
15 silly audit   'safer-buffer': [ '2.1.2' ],
15 silly audit   scheduler: [ '0.26.0' ],
15 silly audit   semver: [ '6.3.1' ],
15 silly audit   send: [ '1.2.0' ],
15 silly audit   'serve-static': [ '2.2.0' ],
15 silly audit   'set-cookie-parser': [ '2.7.1' ],
15 silly audit   setprototypeof: [ '1.2.0' ],
15 silly audit   'shebang-command': [ '2.0.0' ],
15 silly audit   'shebang-regex': [ '3.0.0' ],
15 silly audit   'side-channel': [ '1.1.0' ],
15 silly audit   'side-channel-list': [ '1.0.0' ],
15 silly audit   'side-channel-map': [ '1.0.1' ],
15 silly audit   'side-channel-weakmap': [ '1.0.2' ],
15 silly audit   'source-map-js': [ '1.2.1' ],
15 silly audit   statuses: [ '2.0.1' ],
15 silly audit   'strip-json-comments': [ '3.1.1' ],
15 silly audit   'supports-color': [ '7.2.0' ],
15 silly audit   tinyglobby: [ '0.2.13' ],
15 silly audit   toidentifier: [ '1.0.1' ],
15 silly audit   'type-check': [ '0.4.0' ],
15 silly audit   'type-is': [ '2.0.1' ],
15 silly audit   unpipe: [ '1.0.0' ],
15 silly audit   'update-browserslist-db': [ '1.1.3' ],
15 silly audit   'uri-js': [ '4.4.1' ],
15 silly audit   vary: [ '1.1.2' ],
15 silly audit   vite: [ '6.3.5' ],
15 silly audit   which: [ '2.0.2' ],
15 silly audit   'word-wrap': [ '1.2.5' ],
15 silly audit   wrappy: [ '1.0.2' ],
15 silly audit   yallist: [ '3.1.1' ],
15 silly audit   'yocto-queue': [ '0.1.0' ],
15 silly audit   zod: [ '3.24.4' ],
15 silly audit   'zod-to-json-schema': [ '3.24.5' ]
15 silly audit }
16 http fetch POST 200 https://registry.npmjs.org/-/npm/v1/security/advisories/bulk 765ms
17 silly audit report {
17 silly audit report   'brace-expansion': [
17 silly audit report     {
17 silly audit report       id: 1105443,
17 silly audit report       url: 'https://github.com/advisories/GHSA-v6h2-p8h4-qcjw',
17 silly audit report       title: 'brace-expansion Regular Expression Denial of Service vulnerability',
17 silly audit report       severity: 'low',
17 silly audit report       vulnerable_versions: '>=1.0.0 <=1.1.11',
17 silly audit report       cwe: [Array],
17 silly audit report       cvss: [Object]
17 silly audit report     }
17 silly audit report   ]
17 silly audit report }
18 silly packumentCache corgi:https://registry.npmjs.org/brace-expansion cache-miss
19 http fetch GET 200 https://registry.npmjs.org/brace-expansion 77ms (cache revalidated)
20 silly packumentCache corgi:https://registry.npmjs.org/brace-expansion set size:16192 disposed:false
21 silly packumentCache corgi:https://registry.npmjs.org/minimatch cache-miss
22 http fetch GET 200 https://registry.npmjs.org/minimatch 56ms (cache revalidated)
23 silly packumentCache corgi:https://registry.npmjs.org/minimatch set size:143741 disposed:false
24 verbose cwd /home/mahir/witfinance-prod/frontend
25 verbose os Linux 6.8.0-64-generic
26 verbose node v20.19.4
27 verbose npm  v10.8.2
28 verbose exit 0
29 info ok
